{
  "stats": {
    "suites": 1,
    "tests": 1,
    "passes": 1,
    "pending": 0,
    "failures": 0,
    "start": "2024-04-02T02:58:40.983Z",
    "end": "2024-04-02T02:58:46.096Z",
    "duration": 5113,
    "testsRegistered": 1,
    "passPercent": 100,
    "pendingPercent": 0,
    "other": 0,
    "hasOther": false,
    "skipped": 0,
    "hasSkipped": false
  },
  "results": [
    {
      "uuid": "1453fea7-508c-4075-8df2-e92cdab52b1a",
      "title": "",
      "fullFile": "cypress/e2e/loginFunction/login.cy.ts",
      "file": "cypress/e2e/loginFunction/login.cy.ts",
      "beforeHooks": [],
      "afterHooks": [],
      "tests": [],
      "suites": [
        {
          "uuid": "237acaae-3fd9-474f-94dd-c0dcec6caec1",
          "title": "Checking Element Page",
          "fullFile": "",
          "file": "",
          "beforeHooks": [],
          "afterHooks": [],
          "tests": [
            {
              "title": "C111: Verify element clicking - Testing",
              "fullTitle": "Checking Element Page C111: Verify element clicking - Testing",
              "timedOut": null,
              "duration": 3218,
              "state": "passed",
              "speed": "fast",
              "pass": true,
              "fail": false,
              "pending": false,
              "context": null,
              "code": "cy.fixture(`${env}/loginData`).then((data) => {\n    cy.get(locators_1.default.loginPage.txtBoxEmail).type(data.correctData.email);\n    cy.get(locators_1.default.loginPage.txtBoxPassword).type(data.correctData.password);\n    cy.get(locators_1.default.loginPage.btnLogin).click();\n    cy.fixture('expectMsg').then((expected) => {\n        cy.contains(expected.errorMsg.invalidEmailOrPassword);\n    });\n});",
              "err": {},
              "uuid": "865987e0-d577-4748-a61d-8d5b70890cda",
              "parentUUID": "237acaae-3fd9-474f-94dd-c0dcec6caec1",
              "isHook": false,
              "skipped": false
            }
          ],
          "suites": [],
          "passes": [
            "865987e0-d577-4748-a61d-8d5b70890cda"
          ],
          "failures": [],
          "pending": [],
          "skipped": [],
          "duration": 3218,
          "root": false,
          "rootEmpty": false,
          "_timeout": 2000
        }
      ],
      "passes": [],
      "failures": [],
      "pending": [],
      "skipped": [],
      "duration": 0,
      "root": true,
      "rootEmpty": true,
      "_timeout": 2000
    }
  ],
  "meta": {
    "mocha": {
      "version": "7.0.1"
    },
    "mochawesome": {
      "options": {
        "quiet": false,
        "reportFilename": "mochawesome",
        "saveHtml": false,
        "saveJson": true,
        "consoleReporter": "spec",
        "useInlineDiffs": false,
        "code": true
      },
      "version": "7.1.3"
    },
    "marge": {
      "options": {
        "id": "default",
        "reportDir": "cypress/reports/mocha",
        "quite": true,
        "overwrite": false,
        "html": false,
        "json": true
      },
      "version": "6.2.0"
    }
  }
}